⚠️ PostgreSQL not found at localhost:5432. Switching to Local SQLite Fallback.
Importing plotly failed. Interactive plots will not work.
Traceback (most recent call last):
  File "/Users/manishd/MANISH-PROJECT/ai-finance-advisor/backend/venv/bin/uvicorn", line 8, in <module>
    sys.exit(main())
  File "/Users/manishd/MANISH-PROJECT/ai-finance-advisor/backend/venv/lib/python3.9/site-packages/click/core.py", line 1161, in __call__
    return self.main(*args, **kwargs)
  File "/Users/manishd/MANISH-PROJECT/ai-finance-advisor/backend/venv/lib/python3.9/site-packages/click/core.py", line 1082, in main
    rv = self.invoke(ctx)
  File "/Users/manishd/MANISH-PROJECT/ai-finance-advisor/backend/venv/lib/python3.9/site-packages/click/core.py", line 1443, in invoke
    return ctx.invoke(self.callback, **ctx.params)
  File "/Users/manishd/MANISH-PROJECT/ai-finance-advisor/backend/venv/lib/python3.9/site-packages/click/core.py", line 788, in invoke
    return __callback(*args, **kwargs)
  File "/Users/manishd/MANISH-PROJECT/ai-finance-advisor/backend/venv/lib/python3.9/site-packages/uvicorn/main.py", line 409, in main
    run(
  File "/Users/manishd/MANISH-PROJECT/ai-finance-advisor/backend/venv/lib/python3.9/site-packages/uvicorn/main.py", line 575, in run
    server.run()
  File "/Users/manishd/MANISH-PROJECT/ai-finance-advisor/backend/venv/lib/python3.9/site-packages/uvicorn/server.py", line 65, in run
    return asyncio.run(self.serve(sockets=sockets))
  File "/Library/Developer/CommandLineTools/Library/Frameworks/Python3.framework/Versions/3.9/lib/python3.9/asyncio/runners.py", line 44, in run
    return loop.run_until_complete(main)
  File "uvloop/loop.pyx", line 1518, in uvloop.loop.Loop.run_until_complete
  File "/Users/manishd/MANISH-PROJECT/ai-finance-advisor/backend/venv/lib/python3.9/site-packages/uvicorn/server.py", line 69, in serve
    await self._serve(sockets)
  File "/Users/manishd/MANISH-PROJECT/ai-finance-advisor/backend/venv/lib/python3.9/site-packages/uvicorn/server.py", line 76, in _serve
    config.load()
  File "/Users/manishd/MANISH-PROJECT/ai-finance-advisor/backend/venv/lib/python3.9/site-packages/uvicorn/config.py", line 433, in load
    self.loaded_app = import_from_string(self.app)
  File "/Users/manishd/MANISH-PROJECT/ai-finance-advisor/backend/venv/lib/python3.9/site-packages/uvicorn/importer.py", line 19, in import_from_string
    module = importlib.import_module(module_str)
  File "/Library/Developer/CommandLineTools/Library/Frameworks/Python3.framework/Versions/3.9/lib/python3.9/importlib/__init__.py", line 127, in import_module
    return _bootstrap._gcd_import(name[level:], package, level)
  File "<frozen importlib._bootstrap>", line 1030, in _gcd_import
  File "<frozen importlib._bootstrap>", line 1007, in _find_and_load
  File "<frozen importlib._bootstrap>", line 986, in _find_and_load_unlocked
  File "<frozen importlib._bootstrap>", line 680, in _load_unlocked
  File "<frozen importlib._bootstrap_external>", line 850, in exec_module
  File "<frozen importlib._bootstrap>", line 228, in _call_with_frames_removed
  File "/Users/manishd/MANISH-PROJECT/ai-finance-advisor/backend/main.py", line 5, in <module>
    from routers import auth, expenses, budgets, dashboard, insights, forecast, chat, health_score, ml, savings, bank_accounts, net_worth, notifications, sync_simulator, tax
  File "/Users/manishd/MANISH-PROJECT/ai-finance-advisor/backend/routers/__init__.py", line 1, in <module>
    from . import auth, expenses, budgets, dashboard, insights, forecast, chat, health_score, ml, savings, bank_accounts, net_worth
  File "/Users/manishd/MANISH-PROJECT/ai-finance-advisor/backend/routers/net_worth.py", line 4, in <module>
    from routers.auth import get_current_user
ImportError: cannot import name 'get_current_user' from 'routers.auth' (/Users/manishd/MANISH-PROJECT/ai-finance-advisor/backend/routers/auth.py)
